<html>
  <head>
    <meta charset="utf-8" />
<meta name="viewport" content="width=device-width, initial-scale=1" />
<title>读懂 PostgreSQL 的 Explain | Protream&#39;s Notes</title>
<link rel="shortcut icon" href="https://protream.github.io/favicon.ico?v=1733235889358">
<link href="https://cdn.jsdelivr.net/npm/remixicon@2.3.0/fonts/remixicon.css" rel="stylesheet">
<link rel="stylesheet" href="https://protream.github.io/styles/main.css">
<link rel="alternate" type="application/atom+xml" title="读懂 PostgreSQL 的 Explain | Protream&#39;s Notes - Atom Feed" href="https://protream.github.io/atom.xml">
<link rel="stylesheet" href="https://fonts.googleapis.com/css?family=Droid+Serif:400,700">



    <meta name="description" content="查询优化的第一步是要读懂 PG 是如何执行查询的，而要用到的工具就是 EXPLAIN。

Explain
使用 EXPLAIN 命令可以查询 Planner 为查询创建的执行计划。
查询计划是用树结构表示的，每一个树的节点都是一个子计划。树..." />
    <meta name="keywords" content="db,postgres" />
    <link rel="stylesheet" href="https://cdnjs.cloudflare.com/ajax/libs/KaTeX/0.10.0/katex.min.css">
    <script src="//cdn.jsdelivr.net/gh/highlightjs/cdn-release@11.5.1/build/highlight.min.js"></script>
  </head>
  <body>
    <div class="main">
      <div class="main-content">
        <div class="site-header">
  <a href="https://protream.github.io">
  <img class="avatar" src="https://protream.github.io/images/avatar.png?v=1733235889358" alt="">
  </a>
  <h1 class="site-title">
    Protream&#39;s Notes
  </h1>
  <p class="site-description">
    
  </p>
  <div class="menu-container">
    
      
        <a href="/" class="menu">
          首页
        </a>
      
    
      
        <a href="/archives" class="menu">
          归档
        </a>
      
    
      
        <a href="/tags" class="menu">
          标签
        </a>
      
    
      
        <a href="/post/about" class="menu">
          关于
        </a>
      
    
  </div>
  <div class="social-container">
    
      
    
      
    
      
    
      
    
      
    
  </div>
</div>

        <div class="post-detail">
          <article class="post">
            <h2 class="post-title">
              读懂 PostgreSQL 的 Explain
            </h2>
            <div class="post-info">
              <span>
                2021-03-24
              </span>
              <span>
                5 min read
              </span>
              
                <a href="https://protream.github.io/tag/db/" class="post-tag">
                  # db
                </a>
              
                <a href="https://protream.github.io/tag/postgres/" class="post-tag">
                  # postgres
                </a>
              
            </div>
            
            <div class="post-content-wrapper">
              <div class="post-content" v-pre>
                <p>查询优化的第一步是要读懂 PG 是如何执行查询的，而要用到的工具就是 EXPLAIN。</p>
<!--more-->
<h2 id="explain">Explain</h2>
<p>使用 <code>EXPLAIN</code> 命令可以查询 Planner 为查询创建的执行计划。</p>
<p>查询计划是用树结构表示的，每一个树的节点都是一个子计划。树结构的最底层节点一般是扫描节点，负责从表中读取数据行。不同的扫描节点对应不同的表数据获取方法：</p>
<ul>
<li>顺序扫描（sequential scans）</li>
<li>索引扫描（index scans）</li>
<li>位图扫描（bitmap index scans）</li>
</ul>
<pre><code class="language-sql">pagila=# explain select * from film;
                        QUERY PLAN
----------------------------------------------------------
 Seq Scan on film  (cost=0.00..65.00 rows=1000 width=390)
(1 row)
</code></pre>
<p>没有 where 条件，所以需要扫描整张表，对应的扫描计划是 Seq Scan。括号里面从左到右4个数据的含义依次是：</p>
<ul>
<li>估计的启动开销，指输出阶段开始之前所花费的时间，同样的，在 sort 节点中指排序的时间。</li>
<li>估计的总的开销。</li>
<li>此计划节点输出的估计行数。</li>
<li>此计划节点输出的行的估计平均宽度（单位：bytes）。</li>
</ul>
<p>代价的计算公式： (disk pages read * <a href="https://www.postgresql.org/docs/10/runtime-config-query.html#GUC-SEQ-PAGE-COST">seq_page_cost</a>) + (rows scanned * <a href="https://www.postgresql.org/docs/10/runtime-config-query.html#GUC-CPU-TUPLE-COST">cpu_tuple_cost</a>)</p>
<pre><code class="language-sql">pagila=# SELECT relpages, reltuples FROM pg_class WHERE relname = 'film';
 relpages | reltuples
----------+-----------
       55 |      1000
(1 row)
</code></pre>
<p>默认的, <code>seq_page_cost</code> 是 1.0 and <code>cpu_tuple_cost</code> 是 0.01，(55 * 1.0) + (0.01 * 1000) = 65。</p>
<p>记住：</p>
<ul>
<li><strong>上层节点的开销包括其所有子节点的开销</strong>。</li>
<li>开销只反映了计划器关心的东西。</li>
<li>开销不考虑将结果行传输到客户端花费的时间，这个在实际的时间花费中可能占很大一部分，计划器不考虑是因为，计划器改变计划也改不不了这个时间。</li>
</ul>
<pre><code class="language-sql">pagila=# explain select * from film where length &gt; 100;
                       QUERY PLAN
---------------------------------------------------------
 Seq Scan on film  (cost=0.00..67.50 rows=611 width=390)
   Filter: (length &gt; 100)
(2 rows)
</code></pre>
<p>rows 因为过滤条件减少了，但是总的开销并没有减少，还增加了，因为还是要扫描 1000 行，每行还要判断是否满足过滤条件。增加的开销：1000 * <a href="https://www.postgresql.org/docs/10/runtime-config-query.html#GUC-CPU-OPERATOR-COST">cpu_operator_cost</a>，该参数默认值是 0.0025，所以 65 + 1000 * 0.0025 得到 67.5。</p>
<h2 id="explain-analyze">Explain Analyze</h2>
<p>加上 Analyze 参数后，查询会被执行，explain 会在原来的基础上显示每个节点真实的时间花费。</p>
<pre><code class="language-sql">pagila=# explain analyze select f.title, l.name from film f inner join language l on f.language_id = l.language_id;
                                                     QUERY PLAN
----------------------------------------------------------------------------------------------------------------
 Hash Join  (cost=24.62..92.27 rows=1000 width=99) (actual time=0.408..22.136 rows=1000 loops=1)
   Hash Cond: (f.language_id = l.language_id)
   -&gt;  Seq Scan on film f  (cost=0.00..65.00 rows=1000 width=19) (actual time=0.029..7.197 rows=1000 loops=1)
   -&gt;  Hash  (cost=16.50..16.50 rows=650 width=88) (actual time=0.253..0.270 rows=6 loops=1)
         Buckets: 1024  Batches: 1  Memory Usage: 9kB
         -&gt;  Seq Scan on language l  (cost=0.00..16.50 rows=650 width=88) (actual time=0.055..0.131 rows=6 loops=1)
 Planning time: 0.594 ms
 Execution time: 29.335 ms
(8 rows)
</code></pre>
<p><code>actual_time</code> 的单位是毫秒，而开销的估算单位是随意的，两者不可相提并论。</p>
<pre><code class="language-sql">pagila=# explain analyze select * from film where length &gt; 100;
                                             QUERY PLAN
-----------------------------------------------------------------------------------------------------
 Seq Scan on film  (cost=0.00..67.50 rows=611 width=390) (actual time=0.046..6.862 rows=610 loops=1)
   Filter: (length &gt; 100)
   Rows Removed by Filter: 390
 Planning time: 0.195 ms
 Execution time: 13.014 ms
(5 rows)
</code></pre>
<p><code>Rows Removed</code> 显示 where 条件过滤掉了多少行。</p>
<h2 id="explain-buffers">Explain Buffers</h2>
<p>explain 有个 buffers 参数可以和 analyze 一起使用获取更多的统计信息。buffers 提供的数据可以帮我们识别出哪部分查询时最 IO 密集的。</p>
<pre><code class="language-sql">pagila=# explain (analyze, buffers) select * from film where length &gt; 100;
                                             QUERY PLAN
-----------------------------------------------------------------------------------------------------
 Seq Scan on film  (cost=0.00..67.50 rows=611 width=390) (actual time=0.020..7.365 rows=610 loops=1)
   Filter: (length &gt; 100)
   Rows Removed by Filter: 390
   Buffers: shared hit=55
 Planning time: 0.110 ms
 Execution time: 14.068 ms
(6 rows)
</code></pre>
<p>hit 的意思是数据块已经在缓存中了，避免了读操作。</p>
<p><code>shared block</code>：包含从表和索引来的数据。</p>
<p><code>local block</code>：包含从临时表和索引来的数据。</p>
<p><code>temp block</code>：sort、hash、materialize 节点用到的临时数据。</p>
<h2 id="explain-verbose">EXPLAIN Verbose</h2>
<p>显示有关计划的其他信息。具体来说，包括计划树中每个节点的输出列列表、模式限定表和函数名，始终使用范围表别名标记表达式中的变量，并始终打印显示统计信息的每个触发器的名称。</p>
<h2 id="参考">参考</h2>
<p>[1] <a href="https://www.postgresql.org/docs/10/sql-explain.html">EXPLAIN</a></p>
<p>[1] <a href="https://www.postgresql.org/docs/10/using-explain.html">Using EXPLAIN</a></p>

              </div>
              <div class="toc-container">
                <ul class="markdownIt-TOC">
<li>
<ul>
<li><a href="#explain">Explain</a></li>
<li><a href="#explain-analyze">Explain Analyze</a></li>
<li><a href="#explain-buffers">Explain Buffers</a></li>
<li><a href="#explain-verbose">EXPLAIN Verbose</a></li>
<li><a href="#%E5%8F%82%E8%80%83">参考</a></li>
</ul>
</li>
</ul>

              </div>
            </div>
          </article>
        </div>

        
          <div class="next-post">
            <div class="next">下一篇</div>
            <a href="https://protream.github.io/post/WJ_5L2v3_/">
              <h3 class="post-title">
                PostgreSQL 锁机制浅析
              </h3>
            </a>
          </div>
        

        

        <div class="site-footer">
  Powered by <a href="https://github.com/getgridea/gridea" target="_blank">&nbsp;Gridea</a>
  <a class="rss" href="https://protream.github.io/atom.xml" target="_blank">
    <i class="ri-rss-line"></i> RSS
  </a>
</div>

      </div>
    </div>

    <script>
      hljs.initHighlightingOnLoad()

      let mainNavLinks = document.querySelectorAll(".markdownIt-TOC a");

      // This should probably be throttled.
      // Especially because it triggers during smooth scrolling.
      // https://lodash.com/docs/4.17.10#throttle
      // You could do like...
      // window.addEventListener("scroll", () => {
      //    _.throttle(doThatStuff, 100);
      // });
      // Only not doing it here to keep this Pen dependency-free.

      window.addEventListener("scroll", event => {
        let fromTop = window.scrollY;

        mainNavLinks.forEach((link, index) => {
          let section = document.getElementById(decodeURI(link.hash).substring(1));
          let nextSection = null
          if (mainNavLinks[index + 1]) {
            nextSection = document.getElementById(decodeURI(mainNavLinks[index + 1].hash).substring(1));
          }
          if (section.offsetTop <= fromTop) {
            if (nextSection) {
              if (nextSection.offsetTop > fromTop) {
                link.classList.add("current");
              } else {
                link.classList.remove("current");    
              }
            } else {
              link.classList.add("current");
            }
          } else {
            link.classList.remove("current");
          }
        });
      });

    </script>
  </body>
</html>
